2021-09-10 15:33:56,531:DEBUG:discord.client: on_connect has successfully been registered as an event
2021-09-10 15:33:56,532:DEBUG:discord.client: on_ready has successfully been registered as an event
2021-09-10 15:33:56,533:DEBUG:discord.client: on_disconnect has successfully been registered as an event
2021-09-10 15:33:56,533:DEBUG:discord.client: on_member_join has successfully been registered as an event
2021-09-10 15:33:56,534:INFO:discord.client: logging in using static token
2021-09-10 15:33:57,297:DEBUG:discord.http: GET https://discord.com/api/v7/users/@me with None has returned 200
2021-09-10 15:33:57,298:DEBUG:discord.http: GET https://discord.com/api/v7/users/@me has received {'id': '877289842365583370', 'username': "Rage's DKP", 'avatar': 'd1db7c7cc94c41f932d035ea345a21c0', 'discriminator': '4297', 'public_flags': 0, 'flags': 0, 'bot': True, 'banner': None, 'banner_color': None, 'accent_color': None, 'bio': '', 'locale': 'en-US', 'mfa_enabled': False, 'email': None, 'verified': True}
2021-09-10 15:33:57,328:DEBUG:discord.http: GET https://discord.com/api/v7/gateway with None has returned 200
2021-09-10 15:33:57,328:DEBUG:discord.http: GET https://discord.com/api/v7/gateway has received {'url': 'wss://gateway.discord.gg'}
2021-09-10 15:33:57,526:DEBUG:discord.gateway: Created websocket connected to wss://gateway.discord.gg?encoding=json&v=6&compress=zlib-stream
2021-09-10 15:33:57,527:DEBUG:discord.client: Dispatching event socket_raw_receive
2021-09-10 15:33:57,528:DEBUG:discord.gateway: For Shard ID None: WebSocket Event: {'t': None, 's': None, 'op': 10, 'd': {'heartbeat_interval': 41250, '_trace': ['["gateway-prd-main-bt28",{"micros":0.0}]']}}
2021-09-10 15:33:57,528:DEBUG:discord.client: Dispatching event socket_response
2021-09-10 15:33:57,529:DEBUG:discord.client: Dispatching event socket_raw_send
2021-09-10 15:33:57,530:DEBUG:discord.client: Dispatching event socket_raw_send
2021-09-10 15:33:57,530:INFO:discord.gateway: Shard ID None has sent the IDENTIFY payload.
2021-09-10 15:33:57,567:DEBUG:discord.client: Dispatching event socket_raw_receive
2021-09-10 15:33:57,568:DEBUG:discord.gateway: For Shard ID None: WebSocket Event: {'t': None, 's': None, 'op': 11, 'd': None}
2021-09-10 15:33:57,568:DEBUG:discord.client: Dispatching event socket_response
2021-09-10 15:33:57,613:DEBUG:discord.client: Dispatching event socket_raw_receive
2021-09-10 15:33:57,614:DEBUG:discord.gateway: For Shard ID None: WebSocket Event: {'t': 'READY', 's': 1, 'op': 0, 'd': {'v': 6, 'user_settings': {}, 'user': {'verified': True, 'username': "Rage's DKP", 'mfa_enabled': False, 'id': '877289842365583370', 'flags': 0, 'email': None, 'discriminator': '4297', 'bot': True, 'avatar': 'd1db7c7cc94c41f932d035ea345a21c0'}, 'session_id': '248f8d844f68396e3a8bdb6fd599a759', 'relationships': [], 'private_channels': [], 'presences': [], 'guilds': [{'unavailable': True, 'id': '877528142909161572'}], 'guild_join_requests': [], 'geo_ordered_rtc_regions': ['us-east', 'atlanta', 'newark', 'us-central', 'us-south'], 'application': {'id': '877289842365583370', 'flags': 303104}, '_trace': ['["gateway-prd-main-bt28",{"micros":50638,"calls":["discord-sessions-green-prd-2-9",{"micros":49736,"calls":["start_session",{"micros":40124,"calls":["api-prd-main-j365",{"micros":36798,"calls":["get_user",{"micros":3749},"add_authorized_ip",{"micros":1708},"get_guilds",{"micros":4852},"coros_wait",{"micros":1}]}]},"guilds_connect",{"micros":2,"calls":[]},"presence_connect",{"micros":7505,"calls":[]}]}]}]']}}
2021-09-10 15:33:57,614:DEBUG:discord.client: Dispatching event socket_response
2021-09-10 15:33:57,615:INFO:discord.gateway: Shard ID None has connected to Gateway: ["gateway-prd-main-bt28",{"micros":50638,"calls":["discord-sessions-green-prd-2-9",{"micros":49736,"calls":["start_session",{"micros":40124,"calls":["api-prd-main-j365",{"micros":36798,"calls":["get_user",{"micros":3749},"add_authorized_ip",{"micros":1708},"get_guilds",{"micros":4852},"coros_wait",{"micros":1}]}]},"guilds_connect",{"micros":2,"calls":[]},"presence_connect",{"micros":7505,"calls":[]}]}]}] (Session ID: 248f8d844f68396e3a8bdb6fd599a759).
2021-09-10 15:33:57,631:DEBUG:discord.client: Dispatching event connect
2021-09-10 15:33:57,631:DEBUG:discord.client: Dispatching event socket_raw_receive
2021-09-10 15:33:57,632:DEBUG:discord.gateway: For Shard ID None: WebSocket Event: {'t': 'GUILD_CREATE', 's': 2, 'op': 0, 'd': {'region': 'atlanta', 'verification_level': 0, 'name': 'DKP Project', 'application_command_count': 0, 'system_channel_flags': 0, 'voice_states': [], 'guild_hashes': {'version': 1, 'roles': {'omitted': False, 'hash': 'tZ/wcyZqkZ8'}, 'metadata': {'omitted': False, 'hash': 'mEwr3vthiwI'}, 'channels': {'omitted': False, 'hash': 'mPmfE/vedCM'}}, 'system_channel_id': '877528142909161575', 'description': None, 'nsfw_level': 0, 'channels': [{'type': 4, 'position': 0, 'permission_overwrites': [], 'name': 'Text Channels', 'id': '877528142909161573'}, {'type': 4, 'position': 0, 'permission_overwrites': [], 'name': 'Voice Channels', 'id': '877528142909161574'}, {'type': 0, 'topic': None, 'rate_limit_per_user': 0, 'position': 1, 'permission_overwrites': [], 'parent_id': '877528142909161573', 'nsfw': False, 'name': 'general', 'last_message_id': '885963460930850896', 'id': '877528142909161575'}, {'user_limit': 0, 'type': 2, 'rtc_region': None, 'position': 0, 'permission_overwrites': [], 'parent_id': '877528142909161574', 'name': 'General', 'id': '877528142909161576', 'bitrate': 64000}, {'type': 0, 'topic': None, 'rate_limit_per_user': 0, 'position': 2, 'permission_overwrites': [], 'parent_id': '877528142909161573', 'nsfw': False, 'name': 'documents', 'last_message_id': '877543979837689867', 'id': '877529594104774656'}, {'type': 0, 'topic': None, 'rate_limit_per_user': 0, 'position': 3, 'permission_overwrites': [], 'parent_id': '877528142909161573', 'nsfw': False, 'name': 'github', 'last_message_id': '877531777193869352', 'id': '877531765495967804'}, {'type': 0, 'topic': None, 'rate_limit_per_user': 0, 'position': 4, 'permission_overwrites': [], 'parent_id': '877528142909161573', 'nsfw': False, 'name': 'dkp', 'last_message_id': '885970787176169503', 'id': '877989094662242325'}, {'type': 0, 'topic': None, 'rate_limit_per_user': 0, 'position': 0, 'permission_overwrites': [], 'parent_id': '877528142909161573', 'nsfw': False, 'name': 'welcome', 'last_message_id': '885216478062870560', 'id': '878010509608251403'}], 'roles': [{'position': 0, 'permissions_new': '521942847041', 'permissions': 104320577, 'name': '@everyone', 'mentionable': False, 'managed': False, 'id': '877528142909161572', 'icon': None, 'hoist': False, 'color': 0}, {'tags': {'bot_id': '877289842365583370'}, 'position': 3, 'permissions_new': '8', 'permissions': 8, 'name': "Rage's DKP", 'mentionable': False, 'managed': True, 'id': '878306627760054343', 'hoist': False, 'color': 0}, {'tags': {'bot_id': '878308164125196349'}, 'position': 2, 'permissions_new': '8', 'permissions': 8, 'name': "Rage's Test Bot", 'mentionable': False, 'managed': True, 'id': '878309992673972295', 'hoist': False, 'color': 0}, {'position': 1, 'permissions_new': '8', 'permissions': 8, 'name': 'BOT', 'mentionable': True, 'managed': False, 'id': '878330074322055208', 'hoist': True, 'color': 2067276}], 'stage_instances': [], 'application_id': None, 'nsfw': False, 'stickers': [], 'joined_at': '2021-08-20T15:56:58.296777+00:00', 'icon': None, 'max_video_channel_users': 25, 'lazy': True, 'large': False, 'default_message_notifications': 0, 'mfa_level': 0, 'afk_channel_id': None, 'public_updates_channel_id': None, 'explicit_content_filter': 0, 'splash': None, 'owner_id': '253984568179294210', 'threads': [], 'discovery_splash': None, 'features': [], 'vanity_url_code': None, 'afk_timeout': 300, 'premium_tier': 0, 'member_count': 11, 'id': '877528142909161572', 'rules_channel_id': None, 'premium_subscription_count': 0, 'application_command_counts': {'3': 0, '2': 0, '1': 0}, 'unavailable': False, 'preferred_locale': 'en-US', 'emojis': [], 'presences': [{'user': {'id': '162245163777916929'}, 'status': 'dnd', 'game': None, 'client_status': {'desktop': 'dnd'}, 'activities': []}, {'user': {'id': '176372511343247360'}, 'status': 'online', 'game': None, 'client_status': {'desktop': 'online'}, 'activities': []}, {'user': {'id': '210815651097346048'}, 'status': 'online', 'game': None, 'client_status': {'web': 'online'}, 'activities': []}, {'user': {'id': '271867165639049217'}, 'status': 'online', 'game': None, 'client_status': {'desktop': 'online'}, 'activities': []}, {'user': {'id': '442943412841218058'}, 'status': 'online', 'game': None, 'client_status': {'desktop': 'online'}, 'activities': []}, {'user': {'id': '877289842365583370'}, 'status': 'online', 'game': None, 'client_status': {'web': 'online'}, 'activities': []}], 'banner': None, 'members': [{'user': {'username': 'Krotha', 'id': '162245163777916929', 'discriminator': '0443', 'avatar': 'e340b5e0c054856270ff96a46216dd71'}, 'roles': [], 'premium_since': None, 'pending': False, 'nick': None, 'mute': False, 'joined_at': '2021-08-20T01:59:43.970853+00:00', 'is_pending': False, 'hoisted_role': None, 'deaf': False, 'avatar': None}, {'user': {'username': 'Khem', 'id': '176372511343247360', 'discriminator': '6444', 'avatar': '693cb517b14b2ec6ff2593a951bb5110'}, 'roles': [], 'premium_since': None, 'pending': False, 'nick': None, 'mute': False, 'joined_at': '2021-08-20T01:54:54.673145+00:00', 'is_pending': False, 'hoisted_role': None, 'deaf': False, 'avatar': None}, {'user': {'username': 'YouViolateMe', 'id': '201841156990959616', 'discriminator': '2297', 'avatar': '339dadbc1a452904c843d58aff9f9137'}, 'roles': [], 'premium_since': None, 'pending': False, 'nick': None, 'mute': False, 'joined_at': '2021-08-20T21:05:33.680028+00:00', 'is_pending': False, 'hoisted_role': None, 'deaf': False, 'avatar': None}, {'user': {'username': 'LukeTheJuke24', 'id': '210815651097346048', 'discriminator': '4670', 'avatar': '6c8f62237392f41252b089be0e0d74d7'}, 'roles': [], 'premium_since': None, 'pending': False, 'nick': None, 'mute': False, 'joined_at': '2021-08-19T20:18:15.926600+00:00', 'is_pending': False, 'hoisted_role': None, 'deaf': False, 'avatar': None}, {'user': {'username': 'prestonlwood', 'id': '249372274677776386', 'discriminator': '7099', 'avatar': '454cc26bc7853b81738ad556b216da6a'}, 'roles': [], 'premium_since': None, 'pending': False, 'nick': None, 'mute': False, 'joined_at': '2021-09-08T17:22:26.817473+00:00', 'is_pending': False, 'hoisted_role': None, 'deaf': False, 'avatar': None}, {'user': {'username': 'TheRageWay', 'public_flags': 64, 'id': '253984568179294210', 'discriminator': '5925', 'avatar': 'c80d9a6b955f1b5fc22b9f63fa1c25c7'}, 'roles': [], 'mute': False, 'joined_at': '2021-08-18T12:23:32.962000+00:00', 'hoisted_role': None, 'deaf': False}, {'user': {'username': 'I Am Miso', 'id': '271867165639049217', 'discriminator': '7850', 'avatar': None}, 'roles': [], 'premium_since': None, 'pending': False, 'nick': None, 'mute': False, 'joined_at': '2021-08-20T18:28:00.139014+00:00', 'is_pending': False, 'hoisted_role': None, 'deaf': False, 'avatar': None}, {'user': {'username': 'Lemon', 'id': '341277425516281866', 'discriminator': '2493', 'avatar': '1a36839400a0432e8bd92ffe2bc2658a'}, 'roles': [], 'premium_since': None, 'pending': False, 'nick': None, 'mute': False, 'joined_at': '2021-09-08T17:34:14.880897+00:00', 'is_pending': False, 'hoisted_role': None, 'deaf': False, 'avatar': None}, {'user': {'username': 'Ulysses', 'id': '442943412841218058', 'discriminator': '1989', 'avatar': '5c1582d574b02bc73789c92edd342d56'}, 'roles': [], 'premium_since': None, 'pending': False, 'nick': None, 'mute': False, 'joined_at': '2021-09-01T00:31:50.052436+00:00', 'is_pending': False, 'hoisted_role': None, 'deaf': False, 'avatar': None}, {'user': {'username': "Rage's DKP", 'id': '877289842365583370', 'discriminator': '4297', 'bot': True, 'avatar': 'd1db7c7cc94c41f932d035ea345a21c0'}, 'roles': ['878330074322055208', '878306627760054343'], 'premium_since': None, 'pending': False, 'nick': None, 'mute': False, 'joined_at': '2021-08-20T15:56:58.296777+00:00', 'is_pending': False, 'hoisted_role': '878330074322055208', 'deaf': False, 'avatar': None}, {'user': {'username': "Rage's Test Bot", 'id': '878308164125196349', 'discriminator': '7828', 'bot': True, 'avatar': None}, 'roles': ['878330074322055208', '878309992673972295'], 'premium_since': None, 'pending': False, 'nick': None, 'mute': False, 'joined_at': '2021-08-20T16:10:20.494413+00:00', 'is_pending': False, 'hoisted_role': '878330074322055208', 'deaf': False, 'avatar': None}], 'guild_scheduled_events': [], 'max_members': 250000}}
2021-09-10 15:33:57,632:DEBUG:discord.client: Dispatching event socket_response
2021-09-10 15:33:57,635:DEBUG:discord.client: Dispatching event guild_available
2021-09-10 15:33:59,645:DEBUG:discord.client: Dispatching event ready
2021-09-10 15:34:01,251:DEBUG:discord.client: Dispatching event socket_raw_receive
2021-09-10 15:34:01,251:DEBUG:discord.gateway: For Shard ID None: WebSocket Event: {'t': 'TYPING_START', 's': 3, 'op': 0, 'd': {'user_id': '210815651097346048', 'timestamp': 1631302441, 'member': {'user': {'username': 'LukeTheJuke24', 'id': '210815651097346048', 'discriminator': '4670', 'avatar': '6c8f62237392f41252b089be0e0d74d7'}, 'roles': [], 'premium_since': None, 'pending': False, 'nick': None, 'mute': False, 'joined_at': '2021-08-19T20:18:15.926600+00:00', 'is_pending': False, 'hoisted_role': None, 'deaf': False, 'avatar': None}, 'channel_id': '877989094662242325', 'guild_id': '877528142909161572'}}
2021-09-10 15:34:01,251:DEBUG:discord.client: Dispatching event socket_response
2021-09-10 15:34:01,251:DEBUG:discord.client: Dispatching event typing
2021-09-10 15:34:04,229:DEBUG:discord.client: Dispatching event socket_raw_receive
2021-09-10 15:34:04,230:DEBUG:discord.gateway: For Shard ID None: WebSocket Event: {'t': 'MESSAGE_CREATE', 's': 4, 'op': 0, 'd': {'type': 0, 'tts': False, 'timestamp': '2021-09-10T19:34:04.303000+00:00', 'referenced_message': None, 'pinned': False, 'nonce': '885971407299674112', 'mentions': [], 'mention_roles': [], 'mention_everyone': False, 'member': {'roles': [], 'premium_since': None, 'pending': False, 'nick': None, 'mute': False, 'joined_at': '2021-08-19T20:18:15.926600+00:00', 'is_pending': False, 'hoisted_role': None, 'deaf': False, 'avatar': None}, 'id': '885971408348381254', 'flags': 0, 'embeds': [], 'edited_timestamp': None, 'content': '$removeitem soul', 'components': [], 'channel_id': '877989094662242325', 'author': {'username': 'LukeTheJuke24', 'public_flags': 0, 'id': '210815651097346048', 'discriminator': '4670', 'avatar': '6c8f62237392f41252b089be0e0d74d7'}, 'attachments': [], 'guild_id': '877528142909161572'}}
2021-09-10 15:34:04,231:DEBUG:discord.client: Dispatching event socket_response
2021-09-10 15:34:04,232:DEBUG:discord.client: Dispatching event message
2021-09-10 15:34:04,232:DEBUG:discord.client: Dispatching event command
2021-09-10 15:34:04,250:DEBUG:discord.client: Dispatching event command_error
2021-09-10 15:34:38,789:DEBUG:discord.gateway: Keeping shard ID None websocket alive with sequence 4.
2021-09-10 15:34:38,818:DEBUG:discord.client: Dispatching event socket_raw_receive
2021-09-10 15:34:38,818:DEBUG:discord.gateway: For Shard ID None: WebSocket Event: {'t': None, 's': None, 'op': 11, 'd': None}
2021-09-10 15:34:38,818:DEBUG:discord.client: Dispatching event socket_response
2021-09-10 15:35:20,055:DEBUG:discord.gateway: Keeping shard ID None websocket alive with sequence 4.
2021-09-10 15:35:20,089:DEBUG:discord.client: Dispatching event socket_raw_receive
2021-09-10 15:35:20,090:DEBUG:discord.gateway: For Shard ID None: WebSocket Event: {'t': None, 's': None, 'op': 11, 'd': None}
2021-09-10 15:35:20,091:DEBUG:discord.client: Dispatching event socket_response
2021-09-10 15:36:01,312:DEBUG:discord.gateway: Keeping shard ID None websocket alive with sequence 4.
2021-09-10 15:36:01,340:DEBUG:discord.client: Dispatching event socket_raw_receive
2021-09-10 15:36:01,340:DEBUG:discord.gateway: For Shard ID None: WebSocket Event: {'t': None, 's': None, 'op': 11, 'd': None}
2021-09-10 15:36:01,342:DEBUG:discord.client: Dispatching event socket_response
2021-09-10 15:36:42,568:DEBUG:discord.gateway: Keeping shard ID None websocket alive with sequence 4.
2021-09-10 15:36:42,604:DEBUG:discord.client: Dispatching event socket_raw_receive
2021-09-10 15:36:42,605:DEBUG:discord.gateway: For Shard ID None: WebSocket Event: {'t': None, 's': None, 'op': 11, 'd': None}
2021-09-10 15:36:42,605:DEBUG:discord.client: Dispatching event socket_response
2021-09-10 15:37:23,828:DEBUG:discord.gateway: Keeping shard ID None websocket alive with sequence 4.
2021-09-10 15:37:23,861:DEBUG:discord.client: Dispatching event socket_raw_receive
2021-09-10 15:37:23,862:DEBUG:discord.gateway: For Shard ID None: WebSocket Event: {'t': None, 's': None, 'op': 11, 'd': None}
2021-09-10 15:37:23,863:DEBUG:discord.client: Dispatching event socket_response
2021-09-10 15:38:05,085:DEBUG:discord.gateway: Keeping shard ID None websocket alive with sequence 4.
2021-09-10 15:38:05,114:DEBUG:discord.client: Dispatching event socket_raw_receive
2021-09-10 15:38:05,115:DEBUG:discord.gateway: For Shard ID None: WebSocket Event: {'t': None, 's': None, 'op': 11, 'd': None}
2021-09-10 15:38:05,116:DEBUG:discord.client: Dispatching event socket_response
2021-09-10 15:38:09,144:DEBUG:discord.client: Dispatching event socket_raw_receive
2021-09-10 15:38:09,145:DEBUG:discord.gateway: For Shard ID None: WebSocket Event: {'t': 'PRESENCE_UPDATE', 's': 5, 'op': 0, 'd': {'user': {'id': '210815651097346048'}, 'status': 'offline', 'roles': [], 'premium_since': None, 'nick': None, 'guild_id': '877528142909161572', 'game': None, 'client_status': {}, 'activities': []}}
2021-09-10 15:38:09,146:DEBUG:discord.client: Dispatching event socket_response
2021-09-10 15:38:09,147:DEBUG:discord.client: Dispatching event member_update
2021-09-10 15:38:46,342:DEBUG:discord.gateway: Keeping shard ID None websocket alive with sequence 5.
2021-09-10 15:38:46,371:DEBUG:discord.client: Dispatching event socket_raw_receive
2021-09-10 15:38:46,372:DEBUG:discord.gateway: For Shard ID None: WebSocket Event: {'t': None, 's': None, 'op': 11, 'd': None}
2021-09-10 15:38:46,373:DEBUG:discord.client: Dispatching event socket_response
2021-09-10 15:38:52,082:DEBUG:discord.client: Dispatching event socket_raw_receive
2021-09-10 15:38:52,083:DEBUG:discord.gateway: For Shard ID None: WebSocket Event: {'t': 'PRESENCE_UPDATE', 's': 6, 'op': 0, 'd': {'user': {'id': '176372511343247360'}, 'status': 'offline', 'roles': [], 'premium_since': None, 'nick': None, 'guild_id': '877528142909161572', 'game': None, 'client_status': {}, 'activities': []}}
2021-09-10 15:38:52,084:DEBUG:discord.client: Dispatching event socket_response
2021-09-10 15:38:52,084:DEBUG:discord.client: Dispatching event member_update
